<?xml version="1.0" encoding="UTF-8"?>
<!-- Generated by org.testng.reporters.JUnitXMLReporter -->
<testsuite hostname="WIN-NFDCINOH1RK" ignored="0" name="Test" tests="3" failures="0" timestamp="2020-02-06T06:45:52 UTC" time="0.183" errors="0">
  <testcase name="primeMembership" time="0.016" classname="demo123.ParametersDemo"/>
  <testcase name="renewal" time="0.002" classname="demo123.ParametersDemo"/>
  <testcase name="termination" time="0.005" classname="demo123.ParametersDemo"/>
</testsuite> <!-- Test -->
